<?xml version="1.0" encoding="UTF-8"?>
<!-- Generated by org.testng.reporters.JUnitReportReporter -->
<testsuite skipped="0" hostname="wsip-70-183-7-113.dc.dc.cox.net" name="com.MavenTestNG.BaseClass" tests="1" failures="0" timestamp="29 Dec 2018 15:50:33 GMT" time="2.899" errors="0">
  <testcase name="setup" time="2.899" classname="com.MavenTestNG.BaseClass"/>
</testsuite> <!-- com.MavenTestNG.BaseClass -->
